Date Namelookup Redirect Connect_Total Start_Transfer Total_Time Response_Code
1333575012 0.001 0.000 0.019 0.051 0.089 200
1333575017 0.001 0.000 0.019 0.051 0.090 200
1333575023 0.001 0.000 0.019 0.051 0.090 200
1333576872 0.001 0.000 0.019 0.051 0.089 200
1333576877 0.001 0.000 0.019 0.051 0.089 200
1333576882 0.001 0.000 0.019 0.051 0.089 200
1333576887 0.001 0.000 0.019 0.051 0.089 200
1333576892 0.001 0.000 0.019 0.051 0.089 200
1333576898 0.001 0.000 0.020 0.052 0.091 200
1333576903 0.001 0.000 0.019 0.055 0.094 200
1333576908 0.001 0.000 0.020 0.052 0.090 200
1333576913 0.001 0.000 0.019 0.051 0.089 200
1333576918 0.001 0.000 0.021 0.053 0.092 200
1333576924 0.001 0.000 0.020 0.054 0.097 200
1333576929 0.001 0.000 0.019 0.051 0.089 200
1333576934 0.001 0.000 0.019 0.051 0.089 200
1333576939 0.001 0.000 0.019 0.051 0.089 200
1333576944 0.001 0.000 0.019 0.051 0.089 200
1333576950 0.001 0.000 0.021 0.052 0.091 200
1333576955 0.001 0.000 0.021 0.052 0.093 200
1333576960 0.001 0.000 0.019 0.052 0.091 200
1333576965 0.001 0.000 0.019 0.051 0.089 200
1333576970 0.001 0.000 0.019 0.051 0.089 200
1333576976 0.016 0.000 0.035 0.067 0.113 200
1333576981 0.001 0.000 0.020 0.052 0.092 200
1333576986 0.001 0.000 0.019 0.051 0.089 200
1333576992 0.001 0.000 0.019 0.051 0.092 200
1333576997 0.001 0.000 0.019 0.051 0.091 200
1333577002 0.001 0.000 0.019 0.051 0.090 200
1333577007 0.001 0.000 0.021 0.053 0.093 200
1333577013 0.001 0.000 0.020 0.052 0.091 200
1333577018 0.001 0.000 0.019 0.051 0.089 200
1333577024 0.001 0.000 0.019 0.051 0.091 200
1333577029 0.001 0.000 0.019 0.051 0.093 200
1333577034 0.001 0.000 0.020 0.052 0.092 200
1333577040 0.001 0.000 0.019 0.051 0.089 200
1333577045 0.001 0.000 0.020 0.053 0.092 200
1333577050 0.001 0.000 0.022 0.055 0.093 200
1333577055 0.001 0.000 0.020 0.053 0.092 200
1333577061 0.001 0.000 0.024 0.062 0.101 200
1333577067 0.014 0.000 0.032 0.070 0.107 200
1333577072 0.010 0.000 0.048 0.081 0.118 200
1333577078 0.002 0.000 0.037 0.073 0.113 200
1333577083 0.001 0.000 0.020 0.052 0.091 200
1333577088 0.001 0.000 0.019 0.052 0.090 200
1333577093 0.001 0.000 0.020 0.053 0.092 200
1333577098 0.001 0.000 0.019 0.052 0.090 200
1333577104 0.001 0.000 0.019 0.052 0.090 200
1333577109 0.002 0.000 0.020 0.054 0.093 200
1333577114 0.001 0.000 0.020 0.053 0.091 200
1333577120 0.001 0.000 0.022 0.054 0.092 200
1333577125 0.001 0.000 0.019 0.054 0.090 200
1333577130 0.001 0.000 0.019 0.051 0.090 200
1333577135 0.001 0.000 0.020 0.052 0.093 200
1333577140 0.001 0.000 0.019 0.051 0.090 200
1333577146 0.001 0.000 0.020 0.053 0.096 200
1333577151 0.001 0.000 0.019 0.051 0.090 200
1333577156 0.001 0.000 0.021 0.055 0.096 200
1333577161 0.001 0.000 0.019 0.051 0.089 200
1333577166 0.001 0.000 0.020 0.052 0.092 200
1333577172 0.001 0.000 0.020 0.054 0.092 200
1333577177 0.001 0.000 0.020 0.052 0.094 200
1333577182 0.001 0.000 0.020 0.052 0.091 200
1333577187 0.001 0.000 0.019 0.051 0.090 200
1333577192 0.001 0.000 0.021 0.055 0.094 200
1333577198 0.001 0.000 0.020 0.052 0.092 200
1333577203 0.001 0.000 0.020 0.052 0.091 200
1333577208 0.001 0.000 0.020 0.053 0.091 200
1333577213 0.001 0.000 0.019 0.053 0.094 200
1333577219 0.001 0.000 0.022 0.067 0.105 200
1333577224 0.001 0.000 0.020 0.052 0.094 200
1333577229 0.001 0.000 0.019 0.053 0.093 200
1333577234 0.001 0.000 0.019 0.051 0.089 200
1333577239 0.001 0.000 0.019 0.051 0.091 200
1333577245 0.002 0.000 0.020 0.053 0.091 200
1333577250 0.002 0.000 0.021 0.053 0.092 200
1333577255 0.001 0.000 0.020 0.052 0.091 200
1333577260 0.001 0.000 0.020 0.052 0.090 200
1333577266 0.001 0.000 0.019 0.052 0.090 200
1333577271 0.001 0.000 0.019 0.053 0.093 200
1333577276 0.001 0.000 0.019 0.051 0.089 200
1333577281 0.001 0.000 0.020 0.052 0.090 200
1333577286 0.001 0.000 0.020 0.052 0.091 200
1333577292 0.001 0.000 0.020 0.052 0.090 200
1333577297 0.001 0.000 0.019 0.052 0.090 200
1333577302 0.001 0.000 0.019 0.051 0.089 200
1333577307 0.001 0.000 0.019 0.051 0.089 200
1333577312 0.001 0.000 0.019 0.052 0.090 200
1333577317 0.001 0.000 0.019 0.051 0.090 200
1333577323 0.001 0.000 0.019 0.051 0.089 200
1333577328 0.001 0.000 0.019 0.052 0.091 200
1333577333 0.001 0.000 0.019 0.051 0.089 200
1333577338 0.001 0.000 0.019 0.052 0.090 200
1333577343 0.001 0.000 0.021 0.053 0.095 200
1333577349 0.001 0.000 0.019 0.051 0.092 200
1333577354 0.001 0.000 0.019 0.051 0.094 200
1333577359 0.001 0.000 0.019 0.051 0.089 200
1333577364 0.002 0.000 0.020 0.054 0.093 200
1333577369 0.001 0.000 0.020 0.052 0.093 200
1333577375 0.001 0.000 0.019 0.051 0.089 200
1333577380 0.001 0.000 0.019 0.051 0.089 200
1333577385 0.001 0.000 0.019 0.053 0.091 200
1333577390 0.001 0.000 0.019 0.051 0.089 200
1333577395 0.001 0.000 0.019 0.052 0.091 200
1333577401 0.001 0.000 0.020 0.054 0.090 200
1333577406 0.001 0.000 0.019 0.051 0.089 200
1333577411 0.001 0.000 0.020 0.052 0.095 200
1333577416 0.001 0.000 0.019 0.052 0.092 200
1333577421 0.001 0.000 0.019 0.052 0.091 200
1333577427 0.001 0.000 0.019 0.052 0.090 200
1333577432 0.001 0.000 0.019 0.051 0.092 200
1333577437 0.001 0.000 0.021 0.054 0.092 200
1333577442 0.002 0.000 0.022 0.054 0.092 200
1333577447 0.001 0.000 0.019 0.051 0.090 200
1333577453 0.001 0.000 0.021 0.054 0.092 200
1333577458 0.001 0.000 0.019 0.052 0.091 200
1333577463 0.001 0.000 0.021 0.053 0.094 200
1333577468 0.001 0.000 0.020 0.053 0.092 200
1333577473 0.001 0.000 0.021 0.053 0.093 200
1333577479 0.001 0.000 0.024 0.056 0.098 200
1333577484 0.001 0.000 0.020 0.052 0.092 200
1333577489 0.001 0.000 0.019 0.052 0.093 200
1333577494 0.001 0.000 0.019 0.051 0.090 200
1333577499 0.002 0.000 0.022 0.055 0.093 200
1333577505 0.001 0.000 0.019 0.052 0.090 200
1333577510 0.001 0.000 0.020 0.052 0.091 200
